[10:40:17] [Client thread/WARN]: Skipping bad option: lastServer:
[10:40:17] [Client thread/INFO]: LWJGL Version: 3.2.1 build 12
[10:40:19] [Client thread/WARN]: ERROR : Couldn't load Narrator library : Unable to load library 'fliteWrapper': Native library (linux-x86-64/libfliteWrapper.so) not found in resource path (/home/sergio/.minecraft/libraries/com/mojang/laulib/1.0/laulib-1.0.jar:/home/sergio/.minecraft/libraries/com/mojang/patchy/1.1/patchy-1.1.jar:/home/sergio/.minecraft/libraries/oshi-project/oshi-core/1.1/oshi-core-1.1.jar:/home/sergio/.minecraft/libraries/net/java/dev/jna/jna/4.4.0/jna-4.4.0.jar:/home/sergio/.minecraft/libraries/net/java/dev/jna/platform/3.4.0/platform-3.4.0.jar:/home/sergio/.minecraft/libraries/com/ibm/icu/icu4j-core-mojang/51.2/icu4j-core-mojang-51.2.jar:/home/sergio/.minecraft/libraries/com/mojang/javabridge/1.0.22/javabridge-1.0.22.jar:/home/sergio/.minecraft/libraries/net/sf/jopt-simple/jopt-simple/5.0.3/jopt-simple-5.0.3.jar:/home/sergio/.minecraft/libraries/io/netty/netty-all/4.1.25.Final/netty-all-4.1.25.Final.jar:/home/sergio/.minecraft/libraries/com/google/guava/guava/21.0/guava-21.0.jar:/home/sergio/.minecraft/libraries/org/apache/commons/commons-lang3/3.5/commons-lang3-3.5.jar:/home/sergio/.minecraft/libraries/commons-io/commons-io/2.5/commons-io-2.5.jar:/home/sergio/.minecraft/libraries/commons-codec/commons-codec/1.10/commons-codec-1.10.jar:/home/sergio/.minecraft/libraries/net/java/jinput/jinput/2.0.5/jinput-2.0.5.jar:/home/sergio/.minecraft/libraries/net/java/jutils/jutils/1.0.0/jutils-1.0.0.jar:/home/sergio/.minecraft/libraries/com/mojang/brigadier/1.0.17/brigadier-1.0.17.jar:/home/sergio/.minecraft/libraries/com/mojang/datafixerupper/2.0.24/datafixerupper-2.0.24.jar:/home/sergio/.minecraft/libraries/com/google/code/gson/gson/2.8.0/gson-2.8.0.jar:/home/sergio/.minecraft/libraries/com/mojang/authlib/1.5.25/authlib-1.5.25.jar:/home/sergio/.minecraft/libraries/org/apache/commons/commons-compress/1.8.1/commons-compress-1.8.1.jar:/home/sergio/.minecraft/libraries/org/apache/httpcomponents/httpclient/4.3.3/httpclient-4.3.3.jar:/home/sergio/.minecraft/libraries/commons-logging/commons-logging/1.1.3/commons-logging-1.1.3.jar:/home/sergio/.minecraft/libraries/org/apache/httpcomponents/httpcore/4.3.2/httpcore-4.3.2.jar:/home/sergio/.minecraft/libraries/it/unimi/dsi/fastutil/8.2.1/fastutil-8.2.1.jar:/home/sergio/.minecraft/libraries/org/apache/logging/log4j/log4j-api/2.8.1/log4j-api-2.8.1.jar:/home/sergio/.minecraft/libraries/org/apache/logging/log4j/log4j-core/2.8.1/log4j-core-2.8.1.jar:/home/sergio/.minecraft/libraries/com/mojang/realms/1.14.14/realms-1.14.14.jar:/home/sergio/.minecraft/libraries/org/lwjgl/lwjgl/3.2.1/lwjgl-3.2.1.jar:/home/sergio/.minecraft/libraries/org/lwjgl/lwjgl-jemalloc/3.2.1/lwjgl-jemalloc-3.2.1.jar:/home/sergio/.minecraft/libraries/org/lwjgl/lwjgl-openal/3.2.1/lwjgl-openal-3.2.1.jar:/home/sergio/.minecraft/libraries/org/lwjgl/lwjgl-opengl/3.2.1/lwjgl-opengl-3.2.1.jar:/home/sergio/.minecraft/libraries/org/lwjgl/lwjgl-glfw/3.2.1/lwjgl-glfw-3.2.1.jar:/home/sergio/.minecraft/libraries/org/lwjgl/lwjgl-stb/3.2.1/lwjgl-stb-3.2.1.jar:/home/sergio/.minecraft/libraries/com/mojang/text2speech/1.11.3/text2speech-1.11.3.jar:/home/sergio/.minecraft/versions/1.14/1.14.jar)
[10:40:19] [Client thread/INFO]: Built for minecraft version 1.14
[10:40:20] [Realms Notification Availability checker #1/INFO]: Could not authorize you against Realms server: Invalid session id
[10:40:39] [Client thread/INFO]: OpenAL initialized.
[10:40:39] [Client thread/INFO]: Sound engine started
[10:40:39] [Client thread/INFO]: Created: 1024x512 textures-atlas
[10:40:40] [Client thread/INFO]: Created: 256x256 textures/particle-atlas
[10:40:40] [Client thread/INFO]: Created: 256x256 textures/painting-atlas
[10:40:40] [Client thread/INFO]: Created: 256x128 textures/mob_effect-atlas
[10:40:47] [Client thread/WARN]: Ambiguity between arguments [teleport, destination] and [teleport, targets] with inputs: [Player, 0123, @e, dd12be42-52a9-4a91-a8a1-11c01849e498]
[10:40:47] [Client thread/WARN]: Ambiguity between arguments [teleport, location] and [teleport, destination] with inputs: [0.1 -0.5 .9, 0 0 0]
[10:40:47] [Client thread/WARN]: Ambiguity between arguments [teleport, location] and [teleport, targets] with inputs: [0.1 -0.5 .9, 0 0 0]
[10:40:47] [Client thread/WARN]: Ambiguity between arguments [teleport, targets] and [teleport, destination] with inputs: [Player, 0123, dd12be42-52a9-4a91-a8a1-11c01849e498]
[10:40:47] [Client thread/WARN]: Ambiguity between arguments [teleport, targets, location] and [teleport, targets, destination] with inputs: [0.1 -0.5 .9, 0 0 0]
[10:40:47] [Server thread/INFO]: Starting integrated minecraft server version 1.14
[10:40:47] [Server thread/INFO]: Generating keypair
[10:40:47] [Server thread/INFO]: Reloading ResourceManager: Default
[10:40:48] [Server thread/INFO]: Loaded 6 recipes
[10:40:49] [Server thread/INFO]: Loaded 811 advancements
[10:40:49] [Server thread/INFO]: Preparing start region for dimension minecraft:overworld
[10:40:54] [Client thread/INFO]: Preparing spawn area: 0%
[10:40:54] [Client thread/INFO]: Preparing spawn area: 0%
[10:40:54] [Client thread/INFO]: Preparing spawn area: 0%
[10:40:54] [Client thread/INFO]: Preparing spawn area: 0%
[10:40:54] [Client thread/INFO]: Preparing spawn area: 0%
[10:40:54] [Client thread/INFO]: Preparing spawn area: 0%
[10:40:54] [Client thread/INFO]: Preparing spawn area: 0%
[10:40:54] [Client thread/INFO]: Preparing spawn area: 0%
[10:40:54] [Client thread/INFO]: Preparing spawn area: 0%
[10:40:54] [Client thread/INFO]: Preparing spawn area: 0%
[10:40:54] [Client thread/INFO]: Preparing spawn area: 0%
[10:40:54] [Client thread/INFO]: Preparing spawn area: 0%
[10:40:55] [Client thread/INFO]: Preparing spawn area: 0%
[10:40:55] [Client thread/INFO]: Preparing spawn area: 9%
[10:40:56] [Client thread/INFO]: Preparing spawn area: 14%
[10:40:58] [Client thread/INFO]: Preparing spawn area: 14%
[10:40:58] [Client thread/INFO]: Preparing spawn area: 14%
[10:40:58] [Client thread/INFO]: Preparing spawn area: 14%
[10:40:58] [Client thread/INFO]: Preparing spawn area: 14%
[10:40:58] [Client thread/INFO]: Preparing spawn area: 20%
[10:40:59] [Client thread/INFO]: Preparing spawn area: 42%
[10:40:59] [Client thread/INFO]: Preparing spawn area: 95%
[10:41:00] [Client thread/INFO]: Preparing spawn area: 100%
[10:41:00] [Client thread/INFO]: Time elapsed: 11078 ms
[10:41:01] [Server thread/INFO]: Changing view distance to 8, from 10
[10:41:02] [Server thread/INFO]: Demonscript[local:E:f7ca75d8] logged in with entity id 138 at (-253.61846275690826, 66.0, -213.20082305144257)
[10:41:02] [Server thread/INFO]: Demonscript joined the game
[10:41:07] [Server thread/WARN]: Can't keep up! Is the server overloaded? Running 5845ms or 116 ticks behind
[10:41:07] [Server thread/INFO]: Saving and pausing game...
[10:41:07] [Server thread/INFO]: Saving chunks for level 'Granada'/minecraft:overworld
[10:41:09] [Server thread/INFO]: Saving chunks for level 'Granada'/minecraft:the_nether
[10:41:09] [Server thread/INFO]: Saving chunks for level 'Granada'/minecraft:the_end
[10:41:15] [Client thread/INFO]: Loaded 172 advancements
[10:41:24] [Server thread/WARN]: Can't keep up! Is the server overloaded? Running 2177ms or 43 ticks behind
[10:41:28] [Client thread/INFO]: Loaded 174 advancements
[10:41:30] [Server thread/INFO]: Saving and pausing game...
[10:41:30] [Server thread/INFO]: Saving chunks for level 'Granada'/minecraft:overworld
[10:41:32] [Server thread/INFO]: Saving chunks for level 'Granada'/minecraft:the_nether
[10:41:32] [Server thread/INFO]: Saving chunks for level 'Granada'/minecraft:the_end
[10:41:36] [Server thread/INFO]: Changing view distance to 6, from 8
[10:42:20] [Client thread/INFO]: Loaded 183 advancements
[10:42:46] [Server thread/INFO]: Saving and pausing game...
[10:42:46] [Server thread/INFO]: Saving chunks for level 'Granada'/minecraft:overworld
[10:42:47] [Server thread/INFO]: Saving chunks for level 'Granada'/minecraft:the_nether
[10:42:47] [Server thread/INFO]: Saving chunks for level 'Granada'/minecraft:the_end
[10:42:49] [Server thread/INFO]: Saving and pausing game...
[10:42:49] [Server thread/INFO]: Saving chunks for level 'Granada'/minecraft:overworld
[10:42:50] [Server thread/INFO]: Saving chunks for level 'Granada'/minecraft:the_nether
[10:42:50] [Server thread/INFO]: Saving chunks for level 'Granada'/minecraft:the_end
[10:43:12] [Server thread/INFO]: Saving and pausing game...
[10:43:12] [Server thread/INFO]: Saving chunks for level 'Granada'/minecraft:overworld
[10:43:12] [Server thread/INFO]: Saving chunks for level 'Granada'/minecraft:the_nether
[10:43:12] [Server thread/INFO]: Saving chunks for level 'Granada'/minecraft:the_end
[10:43:45] [Server thread/INFO]: Demonscript has made the advancement [Not Today, Thank You]
[10:43:45] [Client thread/INFO]: [CHAT] Demonscript has made the advancement [Not Today, Thank You]
[10:43:45] [Client thread/INFO]: Loaded 183 advancements
[10:43:49] [Server thread/INFO]: Demonscript has made the advancement [Monster Hunter]
[10:43:49] [Client thread/INFO]: [CHAT] Demonscript has made the advancement [Monster Hunter]
[10:43:50] [Client thread/INFO]: Loaded 185 advancements
[10:43:50] [Client thread/INFO]: Loaded 186 advancements
[10:44:10] [Client thread/INFO]: Loaded 186 advancements
[10:44:35] [Server thread/INFO]: Saving and pausing game...
[10:44:35] [Server thread/INFO]: Saving chunks for level 'Granada'/minecraft:overworld
[10:44:36] [Server thread/INFO]: Saving chunks for level 'Granada'/minecraft:the_nether
[10:44:36] [Server thread/INFO]: Saving chunks for level 'Granada'/minecraft:the_end
[10:47:28] [Server thread/INFO]: Saving and pausing game...
[10:47:28] [Server thread/INFO]: Saving chunks for level 'Granada'/minecraft:overworld
[10:47:29] [Server thread/INFO]: Saving chunks for level 'Granada'/minecraft:the_nether
[10:47:29] [Server thread/INFO]: Saving chunks for level 'Granada'/minecraft:the_end
[10:48:29] [Server thread/INFO]: Saving and pausing game...
[10:48:30] [Server thread/INFO]: Saving chunks for level 'Granada'/minecraft:overworld
[10:48:30] [Server thread/INFO]: Saving chunks for level 'Granada'/minecraft:the_nether
[10:48:30] [Server thread/INFO]: Saving chunks for level 'Granada'/minecraft:the_end
[10:49:01] [Server thread/INFO]: Saving and pausing game...
[10:49:01] [Server thread/INFO]: Saving chunks for level 'Granada'/minecraft:overworld
[10:49:03] [Server thread/INFO]: Saving chunks for level 'Granada'/minecraft:the_nether
[10:49:03] [Server thread/INFO]: Saving chunks for level 'Granada'/minecraft:the_end
[10:49:42] [Client thread/INFO]: Loaded 188 advancements
[10:50:10] [Server thread/INFO]: [Demonscript: Set own game mode to Creative Mode]
[10:50:10] [Client thread/INFO]: [CHAT] Set own game mode to Creative Mode
[10:50:29] [Client thread/INFO]: [CHAT] Saved screenshot as 2019-04-27_10.50.28.png
[10:50:32] [Client thread/INFO]: [CHAT] Saved screenshot as 2019-04-27_10.50.31.png
[10:50:33] [Client thread/INFO]: [CHAT] Saved screenshot as 2019-04-27_10.50.31_2.png
[10:50:34] [Client thread/INFO]: [CHAT] Saved screenshot as 2019-04-27_10.50.32.png
[10:50:35] [Client thread/INFO]: [CHAT] Saved screenshot as 2019-04-27_10.50.32.png
[10:50:36] [Client thread/INFO]: [CHAT] Saved screenshot as 2019-04-27_10.50.32.png
[10:50:37] [Client thread/INFO]: [CHAT] Saved screenshot as 2019-04-27_10.50.32.png
[10:50:38] [Client thread/INFO]: [CHAT] Saved screenshot as 2019-04-27_10.50.32.png
[10:50:39] [Client thread/INFO]: [CHAT] Saved screenshot as 2019-04-27_10.50.33.png
[10:50:49] [Server thread/INFO]: [Demonscript: Set own game mode to Survival Mode]
[10:50:49] [Client thread/INFO]: [CHAT] Set own game mode to Survival Mode
[10:51:43] [Client thread/INFO]: Loaded 194 advancements
[10:51:44] [Client thread/INFO]: Loaded 196 advancements
[10:52:22] [Client thread/INFO]: Loaded 197 advancements
[10:58:54] [Client thread/INFO]: Loaded 214 advancements
[10:59:20] [Client thread/INFO]: Loaded 217 advancements
[11:00:19] [Client thread/INFO]: Loaded 223 advancements
[11:00:19] [Client thread/INFO]: Loaded 223 advancements
[11:00:26] [Client thread/INFO]: Loaded 223 advancements
[11:00:54] [Client thread/INFO]: Loaded 224 advancements
[11:01:15] [Client thread/INFO]: Loaded 226 advancements
[11:05:22] [Client thread/INFO]: Loaded 228 advancements
[11:06:03] [Server thread/INFO]: Demonscript has made the advancement [Diamonds!]
[11:06:04] [Client thread/INFO]: [CHAT] Demonscript has made the advancement [Diamonds!]
[11:06:04] [Client thread/INFO]: Loaded 238 advancements
[11:10:38] [Client thread/INFO]: Loaded 238 advancements
[11:13:58] [Server thread/INFO]: Saving and pausing game...
[11:13:58] [Server thread/INFO]: Saving chunks for level 'Granada'/minecraft:overworld
[11:13:59] [Server thread/INFO]: Saving chunks for level 'Granada'/minecraft:the_nether
[11:13:59] [Server thread/INFO]: Saving chunks for level 'Granada'/minecraft:the_end
[11:20:29] [Server thread/INFO]: Saving and pausing game...
[11:20:29] [Server thread/INFO]: Saving chunks for level 'Granada'/minecraft:overworld
[11:20:30] [Server thread/INFO]: Saving chunks for level 'Granada'/minecraft:the_nether
[11:20:30] [Server thread/INFO]: Saving chunks for level 'Granada'/minecraft:the_end
[11:22:23] [Client thread/INFO]: Loaded 239 advancements
[11:25:45] [Client thread/INFO]: Loaded 242 advancements
[11:26:23] [Client thread/INFO]: Loaded 242 advancements
[11:29:18] [Client thread/INFO]: Loaded 243 advancements
[11:29:21] [Client thread/INFO]: Loaded 246 advancements
[11:30:28] [Client thread/INFO]: Loaded 259 advancements
[11:30:48] [Server thread/INFO]: Saving and pausing game...
[11:30:48] [Server thread/INFO]: Saving chunks for level 'Granada'/minecraft:overworld
[11:30:48] [Server thread/INFO]: Saving chunks for level 'Granada'/minecraft:the_nether
[11:30:48] [Server thread/INFO]: Saving chunks for level 'Granada'/minecraft:the_end
[11:33:10] [Client thread/INFO]: Loaded 262 advancements
[11:33:46] [Client thread/INFO]: Loaded 276 advancements
[11:39:21] [Client thread/INFO]: Loaded 277 advancements
[11:41:58] [Server thread/INFO]: Saving and pausing game...
[11:41:58] [Server thread/INFO]: Saving chunks for level 'Granada'/minecraft:overworld
[11:41:59] [Server thread/INFO]: Saving chunks for level 'Granada'/minecraft:the_nether
[11:41:59] [Server thread/INFO]: Saving chunks for level 'Granada'/minecraft:the_end
[11:44:55] [Server thread/INFO]: Saving and pausing game...
[11:44:55] [Server thread/INFO]: Saving chunks for level 'Granada'/minecraft:overworld
[11:44:56] [Server thread/INFO]: Saving chunks for level 'Granada'/minecraft:the_nether
[11:44:56] [Server thread/INFO]: Saving chunks for level 'Granada'/minecraft:the_end
[11:50:56] [Client thread/INFO]: Loaded 278 advancements
[11:56:44] [Server thread/INFO]: Saving and pausing game...
[11:56:44] [Server thread/INFO]: Saving chunks for level 'Granada'/minecraft:overworld
[11:56:45] [Server thread/INFO]: Saving chunks for level 'Granada'/minecraft:the_nether
[11:56:45] [Server thread/INFO]: Saving chunks for level 'Granada'/minecraft:the_end
[11:56:45] [Server thread/INFO]: Demonscript lost connection: Disconnected
[11:56:45] [Server thread/INFO]: Demonscript left the game
[11:56:45] [Server thread/INFO]: Stopping singleplayer server as player logged out
[11:56:45] [Server thread/INFO]: Stopping server
[11:56:45] [Server thread/INFO]: Saving players
[11:56:45] [Server thread/INFO]: Saving worlds
[11:56:45] [Server thread/INFO]: Saving chunks for level 'Granada'/minecraft:overworld
[11:56:45] [Server thread/INFO]: ThreadedAnvilChunkStorage (Granada): All chunks are saved
[11:56:45] [Server thread/INFO]: Saving chunks for level 'Granada'/minecraft:the_nether
[11:56:45] [Server thread/INFO]: ThreadedAnvilChunkStorage (DIM-1): All chunks are saved
[11:56:45] [Server thread/INFO]: Saving chunks for level 'Granada'/minecraft:the_end
[11:56:45] [Server thread/INFO]: ThreadedAnvilChunkStorage (DIM1): All chunks are saved
[11:56:45] [Server thread/INFO]: ThreadedAnvilChunkStorage (Granada): All chunks are saved
[11:56:45] [Server thread/INFO]: ThreadedAnvilChunkStorage (Granada): All chunks are saved
[11:56:45] [Server thread/INFO]: ThreadedAnvilChunkStorage (DIM-1): All chunks are saved
[11:56:45] [Server thread/INFO]: ThreadedAnvilChunkStorage (DIM-1): All chunks are saved
[11:56:45] [Server thread/INFO]: ThreadedAnvilChunkStorage (DIM1): All chunks are saved
[11:56:45] [Server thread/INFO]: ThreadedAnvilChunkStorage (DIM1): All chunks are saved
[11:56:45] [Client thread/INFO]: Built for minecraft version 1.14
[11:56:46] [Client thread/INFO]: Stopping!
